<?xml version="1.0" encoding="UTF-8"?>
<testsuite xmlns:xsi="http://www.w3.org/2001/XMLSchema-instance" xsi:noNamespaceSchemaLocation="https://maven.apache.org/surefire/maven-surefire-plugin/xsd/surefire-test-report.xsd" name="org.example.ReplaceCharacterTest" time="0.033" tests="4" errors="0" skipped="0" failures="3">
  <properties>
    <property name="gopherProxySet" value="false"/>
    <property name="awt.toolkit" value="sun.lwawt.macosx.LWCToolkit"/>
    <property name="file.encoding.pkg" value="sun.io"/>
    <property name="java.specification.version" value="1.8"/>
    <property name="sun.cpu.isalist" value=""/>
    <property name="sun.jnu.encoding" value="UTF-8"/>
    <property name="java.class.path" value="/Users/luyang/git/gt_code/maven01/target/test-classes:/Users/luyang/git/gt_code/maven01/target/classes:/Users/luyang/Documents/luyang_reprosity/org/springframework/boot/spring-boot-starter-test/3.0.0/spring-boot-starter-test-3.0.0.jar:/Users/luyang/Documents/luyang_reprosity/org/springframework/boot/spring-boot-starter/3.0.0/spring-boot-starter-3.0.0.jar:/Users/luyang/Documents/luyang_reprosity/org/springframework/boot/spring-boot/3.0.0/spring-boot-3.0.0.jar:/Users/luyang/Documents/luyang_reprosity/org/springframework/spring-context/6.0.2/spring-context-6.0.2.jar:/Users/luyang/Documents/luyang_reprosity/org/springframework/spring-aop/6.0.2/spring-aop-6.0.2.jar:/Users/luyang/Documents/luyang_reprosity/org/springframework/spring-beans/6.0.2/spring-beans-6.0.2.jar:/Users/luyang/Documents/luyang_reprosity/org/springframework/spring-expression/6.0.2/spring-expression-6.0.2.jar:/Users/luyang/Documents/luyang_reprosity/org/springframework/boot/spring-boot-autoconfigure/3.0.0/spring-boot-autoconfigure-3.0.0.jar:/Users/luyang/Documents/luyang_reprosity/org/springframework/boot/spring-boot-starter-logging/3.0.0/spring-boot-starter-logging-3.0.0.jar:/Users/luyang/Documents/luyang_reprosity/ch/qos/logback/logback-classic/1.4.5/logback-classic-1.4.5.jar:/Users/luyang/Documents/luyang_reprosity/ch/qos/logback/logback-core/1.4.5/logback-core-1.4.5.jar:/Users/luyang/Documents/luyang_reprosity/org/apache/logging/log4j/log4j-to-slf4j/2.19.0/log4j-to-slf4j-2.19.0.jar:/Users/luyang/Documents/luyang_reprosity/org/apache/logging/log4j/log4j-api/2.19.0/log4j-api-2.19.0.jar:/Users/luyang/Documents/luyang_reprosity/org/slf4j/jul-to-slf4j/2.0.4/jul-to-slf4j-2.0.4.jar:/Users/luyang/Documents/luyang_reprosity/jakarta/annotation/jakarta.annotation-api/2.1.1/jakarta.annotation-api-2.1.1.jar:/Users/luyang/Documents/luyang_reprosity/org/yaml/snakeyaml/1.33/snakeyaml-1.33.jar:/Users/luyang/Documents/luyang_reprosity/org/springframework/boot/spring-boot-test/3.0.0/spring-boot-test-3.0.0.jar:/Users/luyang/Documents/luyang_reprosity/org/springframework/boot/spring-boot-test-autoconfigure/3.0.0/spring-boot-test-autoconfigure-3.0.0.jar:/Users/luyang/Documents/luyang_reprosity/com/jayway/jsonpath/json-path/2.7.0/json-path-2.7.0.jar:/Users/luyang/Documents/luyang_reprosity/net/minidev/json-smart/2.4.7/json-smart-2.4.7.jar:/Users/luyang/Documents/luyang_reprosity/net/minidev/accessors-smart/2.4.7/accessors-smart-2.4.7.jar:/Users/luyang/Documents/luyang_reprosity/org/ow2/asm/asm/9.1/asm-9.1.jar:/Users/luyang/Documents/luyang_reprosity/org/slf4j/slf4j-api/1.7.33/slf4j-api-1.7.33.jar:/Users/luyang/Documents/luyang_reprosity/jakarta/xml/bind/jakarta.xml.bind-api/4.0.0/jakarta.xml.bind-api-4.0.0.jar:/Users/luyang/Documents/luyang_reprosity/jakarta/activation/jakarta.activation-api/2.1.0/jakarta.activation-api-2.1.0.jar:/Users/luyang/Documents/luyang_reprosity/org/assertj/assertj-core/3.23.1/assertj-core-3.23.1.jar:/Users/luyang/Documents/luyang_reprosity/net/bytebuddy/byte-buddy/1.12.10/byte-buddy-1.12.10.jar:/Users/luyang/Documents/luyang_reprosity/org/hamcrest/hamcrest/2.2/hamcrest-2.2.jar:/Users/luyang/Documents/luyang_reprosity/org/junit/jupiter/junit-jupiter/5.9.1/junit-jupiter-5.9.1.jar:/Users/luyang/Documents/luyang_reprosity/org/junit/jupiter/junit-jupiter-api/5.9.1/junit-jupiter-api-5.9.1.jar:/Users/luyang/Documents/luyang_reprosity/org/opentest4j/opentest4j/1.2.0/opentest4j-1.2.0.jar:/Users/luyang/Documents/luyang_reprosity/org/junit/platform/junit-platform-commons/1.9.1/junit-platform-commons-1.9.1.jar:/Users/luyang/Documents/luyang_reprosity/org/apiguardian/apiguardian-api/1.1.2/apiguardian-api-1.1.2.jar:/Users/luyang/Documents/luyang_reprosity/org/junit/jupiter/junit-jupiter-params/5.9.1/junit-jupiter-params-5.9.1.jar:/Users/luyang/Documents/luyang_reprosity/org/junit/jupiter/junit-jupiter-engine/5.9.1/junit-jupiter-engine-5.9.1.jar:/Users/luyang/Documents/luyang_reprosity/org/junit/platform/junit-platform-engine/1.9.1/junit-platform-engine-1.9.1.jar:/Users/luyang/Documents/luyang_reprosity/org/mockito/mockito-core/4.8.1/mockito-core-4.8.1.jar:/Users/luyang/Documents/luyang_reprosity/net/bytebuddy/byte-buddy-agent/1.12.16/byte-buddy-agent-1.12.16.jar:/Users/luyang/Documents/luyang_reprosity/org/objenesis/objenesis/3.2/objenesis-3.2.jar:/Users/luyang/Documents/luyang_reprosity/org/mockito/mockito-junit-jupiter/4.8.1/mockito-junit-jupiter-4.8.1.jar:/Users/luyang/Documents/luyang_reprosity/org/skyscreamer/jsonassert/1.5.1/jsonassert-1.5.1.jar:/Users/luyang/Documents/luyang_reprosity/com/vaadin/external/google/android-json/0.0.20131108.vaadin1/android-json-0.0.20131108.vaadin1.jar:/Users/luyang/Documents/luyang_reprosity/org/springframework/spring-core/6.0.2/spring-core-6.0.2.jar:/Users/luyang/Documents/luyang_reprosity/org/springframework/spring-jcl/6.0.2/spring-jcl-6.0.2.jar:/Users/luyang/Documents/luyang_reprosity/org/springframework/spring-test/6.0.2/spring-test-6.0.2.jar:/Users/luyang/Documents/luyang_reprosity/org/xmlunit/xmlunit-core/2.9.0/xmlunit-core-2.9.0.jar:/Users/luyang/Documents/luyang_reprosity/junit/junit/4.11/junit-4.11.jar:/Users/luyang/Documents/luyang_reprosity/org/hamcrest/hamcrest-core/1.3/hamcrest-core-1.3.jar:"/>
    <property name="java.vm.vendor" value="Oracle Corporation"/>
    <property name="sun.arch.data.model" value="64"/>
    <property name="java.vendor.url" value="http://java.oracle.com/"/>
    <property name="user.timezone" value=""/>
    <property name="java.vm.specification.version" value="1.8"/>
    <property name="os.name" value="Mac OS X"/>
    <property name="user.country" value="CN"/>
    <property name="sun.java.launcher" value="SUN_STANDARD"/>
    <property name="sun.boot.library.path" value="/Library/Java/JavaVirtualMachines/jdk1.8.0_301.jdk/Contents/Home/jre/lib"/>
    <property name="sun.java.command" value="/Users/luyang/git/gt_code/maven01/target/surefire/surefirebooter1960905456943573312.jar /Users/luyang/git/gt_code/maven01/target/surefire 2024-09-21T20-10-15_241-jvmRun1 surefire6530148691261734615tmp surefire_05530478896701517703tmp"/>
    <property name="http.nonProxyHosts" value="local|*.local|169.254/16|*.169.254/16"/>
    <property name="surefire.test.class.path" value="/Users/luyang/git/gt_code/maven01/target/test-classes:/Users/luyang/git/gt_code/maven01/target/classes:/Users/luyang/Documents/luyang_reprosity/org/springframework/boot/spring-boot-starter-test/3.0.0/spring-boot-starter-test-3.0.0.jar:/Users/luyang/Documents/luyang_reprosity/org/springframework/boot/spring-boot-starter/3.0.0/spring-boot-starter-3.0.0.jar:/Users/luyang/Documents/luyang_reprosity/org/springframework/boot/spring-boot/3.0.0/spring-boot-3.0.0.jar:/Users/luyang/Documents/luyang_reprosity/org/springframework/spring-context/6.0.2/spring-context-6.0.2.jar:/Users/luyang/Documents/luyang_reprosity/org/springframework/spring-aop/6.0.2/spring-aop-6.0.2.jar:/Users/luyang/Documents/luyang_reprosity/org/springframework/spring-beans/6.0.2/spring-beans-6.0.2.jar:/Users/luyang/Documents/luyang_reprosity/org/springframework/spring-expression/6.0.2/spring-expression-6.0.2.jar:/Users/luyang/Documents/luyang_reprosity/org/springframework/boot/spring-boot-autoconfigure/3.0.0/spring-boot-autoconfigure-3.0.0.jar:/Users/luyang/Documents/luyang_reprosity/org/springframework/boot/spring-boot-starter-logging/3.0.0/spring-boot-starter-logging-3.0.0.jar:/Users/luyang/Documents/luyang_reprosity/ch/qos/logback/logback-classic/1.4.5/logback-classic-1.4.5.jar:/Users/luyang/Documents/luyang_reprosity/ch/qos/logback/logback-core/1.4.5/logback-core-1.4.5.jar:/Users/luyang/Documents/luyang_reprosity/org/apache/logging/log4j/log4j-to-slf4j/2.19.0/log4j-to-slf4j-2.19.0.jar:/Users/luyang/Documents/luyang_reprosity/org/apache/logging/log4j/log4j-api/2.19.0/log4j-api-2.19.0.jar:/Users/luyang/Documents/luyang_reprosity/org/slf4j/jul-to-slf4j/2.0.4/jul-to-slf4j-2.0.4.jar:/Users/luyang/Documents/luyang_reprosity/jakarta/annotation/jakarta.annotation-api/2.1.1/jakarta.annotation-api-2.1.1.jar:/Users/luyang/Documents/luyang_reprosity/org/yaml/snakeyaml/1.33/snakeyaml-1.33.jar:/Users/luyang/Documents/luyang_reprosity/org/springframework/boot/spring-boot-test/3.0.0/spring-boot-test-3.0.0.jar:/Users/luyang/Documents/luyang_reprosity/org/springframework/boot/spring-boot-test-autoconfigure/3.0.0/spring-boot-test-autoconfigure-3.0.0.jar:/Users/luyang/Documents/luyang_reprosity/com/jayway/jsonpath/json-path/2.7.0/json-path-2.7.0.jar:/Users/luyang/Documents/luyang_reprosity/net/minidev/json-smart/2.4.7/json-smart-2.4.7.jar:/Users/luyang/Documents/luyang_reprosity/net/minidev/accessors-smart/2.4.7/accessors-smart-2.4.7.jar:/Users/luyang/Documents/luyang_reprosity/org/ow2/asm/asm/9.1/asm-9.1.jar:/Users/luyang/Documents/luyang_reprosity/org/slf4j/slf4j-api/1.7.33/slf4j-api-1.7.33.jar:/Users/luyang/Documents/luyang_reprosity/jakarta/xml/bind/jakarta.xml.bind-api/4.0.0/jakarta.xml.bind-api-4.0.0.jar:/Users/luyang/Documents/luyang_reprosity/jakarta/activation/jakarta.activation-api/2.1.0/jakarta.activation-api-2.1.0.jar:/Users/luyang/Documents/luyang_reprosity/org/assertj/assertj-core/3.23.1/assertj-core-3.23.1.jar:/Users/luyang/Documents/luyang_reprosity/net/bytebuddy/byte-buddy/1.12.10/byte-buddy-1.12.10.jar:/Users/luyang/Documents/luyang_reprosity/org/hamcrest/hamcrest/2.2/hamcrest-2.2.jar:/Users/luyang/Documents/luyang_reprosity/org/junit/jupiter/junit-jupiter/5.9.1/junit-jupiter-5.9.1.jar:/Users/luyang/Documents/luyang_reprosity/org/junit/jupiter/junit-jupiter-api/5.9.1/junit-jupiter-api-5.9.1.jar:/Users/luyang/Documents/luyang_reprosity/org/opentest4j/opentest4j/1.2.0/opentest4j-1.2.0.jar:/Users/luyang/Documents/luyang_reprosity/org/junit/platform/junit-platform-commons/1.9.1/junit-platform-commons-1.9.1.jar:/Users/luyang/Documents/luyang_reprosity/org/apiguardian/apiguardian-api/1.1.2/apiguardian-api-1.1.2.jar:/Users/luyang/Documents/luyang_reprosity/org/junit/jupiter/junit-jupiter-params/5.9.1/junit-jupiter-params-5.9.1.jar:/Users/luyang/Documents/luyang_reprosity/org/junit/jupiter/junit-jupiter-engine/5.9.1/junit-jupiter-engine-5.9.1.jar:/Users/luyang/Documents/luyang_reprosity/org/junit/platform/junit-platform-engine/1.9.1/junit-platform-engine-1.9.1.jar:/Users/luyang/Documents/luyang_reprosity/org/mockito/mockito-core/4.8.1/mockito-core-4.8.1.jar:/Users/luyang/Documents/luyang_reprosity/net/bytebuddy/byte-buddy-agent/1.12.16/byte-buddy-agent-1.12.16.jar:/Users/luyang/Documents/luyang_reprosity/org/objenesis/objenesis/3.2/objenesis-3.2.jar:/Users/luyang/Documents/luyang_reprosity/org/mockito/mockito-junit-jupiter/4.8.1/mockito-junit-jupiter-4.8.1.jar:/Users/luyang/Documents/luyang_reprosity/org/skyscreamer/jsonassert/1.5.1/jsonassert-1.5.1.jar:/Users/luyang/Documents/luyang_reprosity/com/vaadin/external/google/android-json/0.0.20131108.vaadin1/android-json-0.0.20131108.vaadin1.jar:/Users/luyang/Documents/luyang_reprosity/org/springframework/spring-core/6.0.2/spring-core-6.0.2.jar:/Users/luyang/Documents/luyang_reprosity/org/springframework/spring-jcl/6.0.2/spring-jcl-6.0.2.jar:/Users/luyang/Documents/luyang_reprosity/org/springframework/spring-test/6.0.2/spring-test-6.0.2.jar:/Users/luyang/Documents/luyang_reprosity/org/xmlunit/xmlunit-core/2.9.0/xmlunit-core-2.9.0.jar:/Users/luyang/Documents/luyang_reprosity/junit/junit/4.11/junit-4.11.jar:/Users/luyang/Documents/luyang_reprosity/org/hamcrest/hamcrest-core/1.3/hamcrest-core-1.3.jar:"/>
    <property name="sun.cpu.endian" value="little"/>
    <property name="user.home" value="/Users/luyang"/>
    <property name="user.language" value="zh"/>
    <property name="java.specification.vendor" value="Oracle Corporation"/>
    <property name="java.home" value="/Library/Java/JavaVirtualMachines/jdk1.8.0_301.jdk/Contents/Home/jre"/>
    <property name="basedir" value="/Users/luyang/git/gt_code/maven01"/>
    <property name="file.separator" value="/"/>
    <property name="line.separator" value="&#10;"/>
    <property name="java.vm.specification.vendor" value="Oracle Corporation"/>
    <property name="java.specification.name" value="Java Platform API Specification"/>
    <property name="java.awt.graphicsenv" value="sun.awt.CGraphicsEnvironment"/>
    <property name="surefire.real.class.path" value="/Users/luyang/git/gt_code/maven01/target/surefire/surefirebooter1960905456943573312.jar:/Users/luyang/Documents/luyang_reprosity/org/jacoco/org.jacoco.agent/0.8.7/org.jacoco.agent-0.8.7-runtime.jar"/>
    <property name="sun.boot.class.path" value="/Library/Java/JavaVirtualMachines/jdk1.8.0_301.jdk/Contents/Home/jre/lib/resources.jar:/Library/Java/JavaVirtualMachines/jdk1.8.0_301.jdk/Contents/Home/jre/lib/rt.jar:/Library/Java/JavaVirtualMachines/jdk1.8.0_301.jdk/Contents/Home/jre/lib/sunrsasign.jar:/Library/Java/JavaVirtualMachines/jdk1.8.0_301.jdk/Contents/Home/jre/lib/jsse.jar:/Library/Java/JavaVirtualMachines/jdk1.8.0_301.jdk/Contents/Home/jre/lib/jce.jar:/Library/Java/JavaVirtualMachines/jdk1.8.0_301.jdk/Contents/Home/jre/lib/charsets.jar:/Library/Java/JavaVirtualMachines/jdk1.8.0_301.jdk/Contents/Home/jre/lib/jfr.jar:/Library/Java/JavaVirtualMachines/jdk1.8.0_301.jdk/Contents/Home/jre/classes"/>
    <property name="sun.management.compiler" value="HotSpot 64-Bit Tiered Compilers"/>
    <property name="ftp.nonProxyHosts" value="local|*.local|169.254/16|*.169.254/16"/>
    <property name="java.runtime.version" value="1.8.0_301-b09"/>
    <property name="user.name" value="luyang"/>
    <property name="path.separator" value=":"/>
    <property name="os.version" value="10.16"/>
    <property name="java.endorsed.dirs" value="/Library/Java/JavaVirtualMachines/jdk1.8.0_301.jdk/Contents/Home/jre/lib/endorsed"/>
    <property name="java.runtime.name" value="Java(TM) SE Runtime Environment"/>
    <property name="file.encoding" value="UTF-8"/>
    <property name="java.vm.name" value="Java HotSpot(TM) 64-Bit Server VM"/>
    <property name="localRepository" value="/Users/luyang/Documents/luyang_reprosity"/>
    <property name="java.vendor.url.bug" value="http://bugreport.sun.com/bugreport/"/>
    <property name="java.io.tmpdir" value="/var/folders/8k/ny6jmzns53911gmvrvbkh9w40000gn/T/"/>
    <property name="idea.version" value="2021.3.1"/>
    <property name="java.version" value="1.8.0_301"/>
    <property name="user.dir" value="/Users/luyang/git/gt_code/maven01"/>
    <property name="os.arch" value="x86_64"/>
    <property name="java.vm.specification.name" value="Java Virtual Machine Specification"/>
    <property name="java.awt.printerjob" value="sun.lwawt.macosx.CPrinterJob"/>
    <property name="sun.os.patch.level" value="unknown"/>
    <property name="java.library.path" value="/Users/luyang/Library/Java/Extensions:/Library/Java/Extensions:/Network/Library/Java/Extensions:/System/Library/Java/Extensions:/usr/lib/java:."/>
    <property name="java.vm.info" value="mixed mode"/>
    <property name="java.vendor" value="Oracle Corporation"/>
    <property name="java.vm.version" value="25.301-b09"/>
    <property name="java.ext.dirs" value="/Users/luyang/Library/Java/Extensions:/Library/Java/JavaVirtualMachines/jdk1.8.0_301.jdk/Contents/Home/jre/lib/ext:/Library/Java/Extensions:/Network/Library/Java/Extensions:/System/Library/Java/Extensions:/usr/lib/java"/>
    <property name="sun.io.unicode.encoding" value="UnicodeBig"/>
    <property name="maven.repo.local" value="/Users/luyang/Documents/luyang_reprosity"/>
    <property name="java.class.version" value="52.0"/>
    <property name="socksNonProxyHosts" value="local|*.local|169.254/16|*.169.254/16"/>
  </properties>
  <testcase name="replaceConsecutiveCharacter1" classname="org.example.ReplaceCharacterTest" time="0.002">
    <failure message="expected:&lt;[]d&gt; but was:&lt;[`]d&gt;" type="org.junit.ComparisonFailure"><![CDATA[org.junit.ComparisonFailure: expected:<[]d> but was:<[`]d>
	at org.example.ReplaceCharacterTest.replaceConsecutiveCharacter1(ReplaceCharacterTest.java:13)
]]></failure>
  </testcase>
  <testcase name="replaceConsecutiveCharacter2" classname="org.example.ReplaceCharacterTest" time="0"/>
  <testcase name="replaceConsecutiveCharacter3" classname="org.example.ReplaceCharacterTest" time="0">
    <failure message="expected:&lt;[abc]&gt; but was:&lt;[`ab]&gt;" type="org.junit.ComparisonFailure"><![CDATA[org.junit.ComparisonFailure: expected:<[abc]> but was:<[`ab]>
	at org.example.ReplaceCharacterTest.replaceConsecutiveCharacter3(ReplaceCharacterTest.java:25)
]]></failure>
  </testcase>
  <testcase name="replaceConsecutiveCharacter4" classname="org.example.ReplaceCharacterTest" time="0">
    <failure message="expected:&lt;ab[c]&gt; but was:&lt;ab[d]&gt;" type="org.junit.ComparisonFailure"><![CDATA[org.junit.ComparisonFailure: expected:<ab[c]> but was:<ab[d]>
	at org.example.ReplaceCharacterTest.replaceConsecutiveCharacter4(ReplaceCharacterTest.java:31)
]]></failure>
  </testcase>
</testsuite>